<?xml version="1.0" encoding="UTF-8"?>
<testng-results ignored="0" total="1" passed="1" failed="0" skipped="0">
  <reporter-output>
  </reporter-output>
  <suite started-at="2020-05-27T09:44:46 PDT" name="Default suite" finished-at="2020-05-27T09:44:46 PDT" duration-ms="81">
    <groups>
    </groups>
    <test started-at="2020-05-27T09:44:46 PDT" name="Default test" finished-at="2020-05-27T09:44:46 PDT" duration-ms="81">
      <class name="com.syntax.test.TestNGTest">
        <test-method signature="hello()[pri:0, instance:com.syntax.test.TestNGTest@6b4a4e18]" started-at="2020-05-27T09:44:46 PDT" name="hello" finished-at="2020-05-27T09:44:46 PDT" duration-ms="17" status="PASS">
          <reporter-output>
          </reporter-output>
        </test-method> <!-- hello -->
      </class> <!-- com.syntax.test.TestNGTest -->
    </test> <!-- Default test -->
  </suite> <!-- Default suite -->
</testng-results>
